         w __deregister_frame_info
         w __register_frame_info
         w userAppExit
         w userAppInit
00000000 00000802 B __ctru_dev_utf16_buf
00000000 A __sync_synchronize
00000000 b _TLS_MODULE_BASE_
00000000 a shift
00000000 a shift
00000804 00000401 B __ctru_dev_path_buf
00100000 A __start__
00100000 T _start
00100008 T __service_ptr
0010000c T __apt_appid
00100010 T __heap_size
00100014 T __linear_heap_size
00100018 T __system_arglist
0010001c T __system_runflags
00100020 t startup
00100058 t ClearMem
0010006c t ClrLoop
00100094 T _init
001000ac t .udivsi3_skip_div0_test
001000ac T __aeabi_uidiv
001000ac 000001ec T __udivsi3
00100298 00000020 T __aeabi_uidivmod
001002b8 T __aeabi_idiv
001002b8 00000220 T __divsi3
001002c0 t .divsi3_skip_div0_test
001004d8 00000020 T __aeabi_idivmod
001004f8 00000004 W __aeabi_idiv0
001004f8 00000004 W __aeabi_ldiv0
001004fc T __aeabi_drsub
00100504 000002b0 T __aeabi_dsub
00100504 000002b0 T __subdf3
00100508 000002ac T __adddf3
00100508 000002ac T __aeabi_dadd
001007b4 00000024 T __aeabi_ui2d
001007b4 00000024 T __floatunsidf
001007d8 00000028 T __aeabi_i2d
001007d8 00000028 T __floatsidf
00100800 00000048 T __aeabi_f2d
00100800 00000048 T __extendsfdf2
00100848 00000074 T __aeabi_ul2d
00100848 00000074 T __floatundidf
0010085c 00000060 T __aeabi_l2d
0010085c 00000060 T __floatdidf
001008bc T __aeabi_ldivmod
00100990 T __aeabi_uldivmod
001009e8 00000390 T strcmp
00100d70 t __do_global_dtors_aux
00100dc0 t frame_dummy
00100dec 00000070 t parse_hex4
00100e5c 000003a4 t parse_string
00101200 0000006c t buffer_skip_whitespace
0010126c 000000e4 t get_object_item
00101350 000000ac T cJSON_Delete
00101400 00000568 t parse_value
00101968 000001dc T cJSON_ParseWithLengthOpts
00101b44 0000002c T cJSON_Parse
00101b70 00000008 T cJSON_GetObjectItem
00101b78 00000008 T cJSON_GetObjectItemCaseSensitive
00101b80 000000a0 T cJSON_CreateString
00101c20 00000018 T cJSON_IsString
00101c38 00000018 T cJSON_IsArray
00101c50 0000001c T gamepad_button_check
00101c6c 0000022c t runner_apply_xy_code
00101e98 00000010 T GML_SetRoot
00101ea8 000000ac T RunGML_create
00101f54 00000094 T RunGML_step
00101fe8 000000f4 T RunGML
001020dc 00000090 t GetSpriteNumberByName
0010216c 00000130 t GetCurrentRoomSize
0010229c 00000040 t GetFirstRoomName
001022dc 00000030 T runner_sprite_is_object
0010230c 000009b0 T main
00102cbc 00000044 t C2Di_FrameEndHook
00102d00 0000036c T C2D_Init
0010306c 0000004c T C2D_Fini
001030b8 000000b8 T C2D_Prepare
00103170 00000048 T C2D_Flush
001031b8 00000104 T C2D_SceneSize
001032bc 00000058 T C2D_ViewReset
00103314 0000003c T C2D_ViewTranslate
00103350 00000038 T C2D_ViewScale
00103388 00000058 T C2D_CreateScreenTarget
001033e0 00000064 T C2D_TargetClear
00103444 0000013c T C2Di_CalcQuad
00103580 00000058 T C2Di_AppendQuad
001035d8 00000550 T C2Di_Update
00103b28 000002b0 T C2D_DrawImage
00103dd8 0000006c T C2D_SpriteSheetLoadFromHandle
00103e44 00000048 T C2D_SpriteSheetLoad
00103e8c 00000028 T C2D_SpriteSheetFree
00103eb4 0000002c T C2D_SpriteSheetGetImage
00103ee0 00000028 T AttrInfo_Init
00103f08 00000094 T AttrInfo_AddLoader
00103f9c 00000054 T C3D_SetAttrInfo
00103ff0 00000080 T C3Di_AttrInfoBind
00104070 00000004 W C3Di_LightEnvUpdate
00104074 00000004 W C3Di_LightEnvDirty
00104078 000000b4 t C3Di_AptEventHook
0010412c 00000004 W C3Di_GasUpdate
00104130 000001d0 T C3D_Init
00104300 00000098 T C3D_SetViewport
00104398 000004e8 T C3Di_UpdateContext
00104880 000000e0 T C3Di_SplitFrame
00104960 00000044 T C3D_Fini
001049a4 00000194 T C3D_BindProgram
00104b38 00000024 T BufInfo_Init
00104b5c 00000080 T BufInfo_Add
00104bdc 0000003c T C3D_SetBufInfo
00104c18 00000048 T C3Di_BufInfoBind
00104c60 0000021c T C3D_DrawElements
00104e7c 00000040 T C3D_DepthMap
00104ebc 0000001c T C3D_CullFace
00104ed8 00000040 T C3D_StencilTest
00104f18 00000024 T C3D_StencilOp
00104f3c 0000001c T C3D_BlendingColor
00104f58 00000024 T C3D_EarlyDepthTest
00104f7c 0000002c T C3D_DepthTest
00104fa8 0000002c T C3D_AlphaTest
00104fd4 00000050 T C3D_AlphaBlend
00105024 00000030 T C3D_FragOpMode
00105054 00000044 T C3D_FragOpShadow
00105098 000001ac T C3Di_EffectBind
00105244 0000001c T C3D_CalcColorBufSize
00105260 0000001c T C3D_CalcDepthBufSize
0010527c 00000044 T C3D_SetFrameBuf
001052c0 0000016c T C3Di_FrameBufBind
0010542c 000000c8 T C3D_FrameBufClear
001054f4 00000044 T C3D_FrameBufTransfer
00105538 000000a8 T C3D_ImmSendAttrib
001055e0 00000070 T C3D_ProcTexInit
00105650 00000054 T C3D_ProcTexBind
001056a4 0000005c T C3D_ProcTexLutBind
00105700 000000a4 T ProcTexLut_FromArray
001057a4 00000178 T C3Di_ProcTexUpdate
0010591c 00000068 T C3Di_ProcTexDirty
00105984 0000004c t onVBlank0
001059d0 0000004c t onVBlank1
00105a1c 00000080 t C3Di_RenderTargetDestroy
00105a9c 000000f4 t onQueueFinish
00105b90 00000038 T C3Di_RenderQueueEnableVBlank
00105bc8 00000030 T C3Di_RenderQueueDisableVBlank
00105bf8 00000060 T C3Di_RenderQueueInit
00105c58 000000b4 T C3Di_RenderQueueExit
00105d0c 00000034 T C3Di_RenderQueueWaitDone
00105d40 000000e8 T C3D_FrameBegin
00105e28 00000048 T C3D_FrameDrawOn
00105e70 00000058 T C3D_FrameSplit
00105ec8 000001d0 T C3D_FrameEnd
00106098 0000001c T C3D_FrameEndHook
001060b4 00000170 T C3D_RenderTargetCreate
00106224 000000a8 T C3D_RenderTargetSetOutput
001062cc 000000fc T C3D_SyncTextureCopy
001063c8 000003d8 t Tex3DSi_ImportCommon
001067a0 00000038 T Tex3DS_TextureImportStdio
001067d8 0000001c T Tex3DS_GetSubTexture
001067f4 00000004 T Tex3DS_TextureFree
001067f8 00000034 T C3D_GetTexEnv
0010682c 00000024 T C3Di_TexEnvBind
00106850 00000290 T C3D_TexInitWithParams
00106ae0 000000c8 T C3D_TexLoadImage
00106ba8 00000044 T C3D_TexBind
00106bec 00000074 T C3D_TexDelete
00106c60 0000014c T C3Di_SetTex
00106dac 00000290 T C3D_UpdateUniforms
0010703c 000000c0 T C3Di_DirtyUniforms
001070fc 000000d8 T C3Di_LoadShaderUniforms
001071d4 00000028 T C3Di_ClearShaderUniforms
001071fc 000000cc T Mtx_Ortho
001072c8 000000cc T Mtx_OrthoTilt
00107394 00000038 T Mtx_Scale
001073cc 000000a4 T Mtx_Translate
00107470 00000024 t addrMapNodeComparator(rbtree_node const*, rbtree_node const*)
00107494 00000004 t addrMapNodeDestructor(rbtree_node*)
00107498 0000012c T linearMemAlign
001075c4 00000008 T linearAlloc
001075cc 0000005c T linearFree
00107628 00000088 T MemPool::CoalesceRight(MemBlock*)
001076b0 00000178 T MemPool::Allocate(MemChunk&, unsigned long, int)
00107828 00000118 T MemPool::Deallocate(MemChunk const&)
00107940 00000030 T MemPool::GetFreeSpace()
00107970 00000024 t addrMapNodeComparator(rbtree_node const*, rbtree_node const*)
00107994 00000004 t addrMapNodeDestructor(rbtree_node*)
00107998 00000248 T vramMemAlignAt
00107be0 0000000c T vramAlloc
00107bec 0000000c T vramAllocAt
00107bf8 00000094 T vramFree
00107c8c 000001c8 T consoleDrawChar
00107e54 00000170 T consolePrintChar
00107fc4 00000c40 T con_write
00108c04 00000110 t newRow
00108d14 00000180 T consoleInit
00108e94 000000cc t gfxPresentFramebuffer
00108f60 0000001c T gfxIsWide
00108f7c 000000f8 T gfxSetScreenFormat
00109074 00000010 T gfxSetDoubleBuffering
00109084 000000d8 T gfxInit
0010915c 00000010 T gfxInitDefault
0010916c 000000b8 T gfxExit
00109224 000000a0 T gfxGetFramebuffer
001092c4 00000100 T gfxFlushBuffers
001093c4 00000028 T gfxScreenSwapBuffers
001093ec 00000050 T gfxSwapBuffersGpu
0010943c 00000074 T osConvertVirtToPhys
001094b0 00000054 T osGetTimeRef
00109504 000000ec T osGetTime
001095f0 00000034 T __ctru_speedup_config
00109624 00000008 t romfs_close
0010962c 000000ac t romfs_seek
001096d8 00000024 t romfs_dirreset
001096fc 000000c0 t fill_dir
001097bc 000002ac t romfs_dirnext
00109a68 00000074 t romfs_free
00109adc 000000d0 t searchForFile.constprop.0
00109bac 000000d4 t searchForDir.constprop.0
00109c80 000001c0 t navigateToDir.constprop.0
00109e40 00000114 t romfs_open
00109f54 0000004c t romfs_chdir
00109fa0 00000068 t romfs_diropen
0010a008 00000178 t romfs_stat
0010a180 00000008 t romfs_dirclose
0010a188 0000007c t romfs_fstat
0010a204 000000d0 t romfs_read
0010a2d4 0000028c T romfsMountFromFile
0010a560 00000098 T romfsMountFromCurrentProcess
0010a5f8 00000258 T romfsMountSelf
0010a850 000000a0 T romfsUnmount
0010a8f0 0000013c T GPUCMD_Add
0010aa2c 000000b0 T GPUCMD_Split
0010aadc 00000034 T f32tof16
0010ab10 00000034 T f32tof24
0010ab44 00000038 T f32tof31
0010ab7c 00000010 T GX_BindQueue
0010ab8c 0000007c T GX_ProcessCommandList
0010ac08 00000074 T GX_MemoryFill
0010ac7c 00000074 T GX_DisplayTransfer
0010acf0 00000078 T GX_TextureCopy
0010ad68 00000064 t gxCmdQueueDoCommands.part.0
0010adcc 000000e4 T gxCmdQueueInterrupt
0010aeb0 00000068 T gxCmdQueueClear
0010af18 00000108 T gxCmdQueueAdd
0010b020 00000080 T gxCmdQueueRun
0010b0a0 00000064 T gxCmdQueueStop
0010b104 0000008c T gxCmdQueueWait
0010b190 000001e0 T shaderInstanceInit
0010b370 00000018 T shaderInstanceGetUniformLocation
0010b388 0000001c T shaderProgramInit
0010b3a4 00000074 T shaderProgramFree
0010b418 00000094 T shaderProgramSetVsh
0010b4ac 000008d0 T shaderProgramConfigure
0010bd7c 000001dc t DVLE_GenerateOutmap.part.0
0010bf58 000001ac T DVLB_ParseFile
0010c104 00000050 T DVLB_Free
0010c154 00000074 T DVLE_GetUniformRegister
0010c1c8 00000180 t aptConvertScreenForCapture
0010c348 00000008 W aptDspSleep
0010c350 00000004 W aptDspWakeup
0010c354 00000004 W aptDspCancel
0010c358 00000138 T aptSendCommand
0010c490 00000044 t aptExitProcess
0010c4d4 00000394 T aptExit
0010c868 000000d8 T aptHandleSleep
0010c940 00000034 T aptHook
0010c974 00000030 T aptUnhook
0010c9a4 00000084 T APT_SleepIfShellClosed
0010ca28 00000078 T aptSetSleepAllowed
0010caa0 00000084 T APT_UnlockTransition
0010cb28 00000470 t aptEventHandler
0010cf98 000000bc T APT_ReceiveParameter
0010d054 000000b0 t aptReceiveParameter.constprop.0
0010d108 00000294 t aptScreenTransfer
0010d39c 000002d0 t aptWaitForWakeUp.isra.0
0010d66c 000000f4 T aptJumpToHomeMenu
0010d760 00000058 T aptMainLoop
0010d7b8 00000240 T aptInit
0010d9f8 00000090 T APT_CheckNew3DS
0010da88 00000104 T fsInit
0010db8c 0000003c T fsExit
0010dbc8 00000068 T fsExemptFromSession
0010dc30 00000050 T fsUnexemptFromSession
0010dc80 000000cc T FSUSER_OpenFile
0010dd4c 000000cc T FSUSER_OpenFileDirectly
0010de18 000000b8 T FSUSER_DeleteFile
0010ded0 000000f4 T FSUSER_RenameFile
0010dfc4 000000b8 T FSUSER_DeleteDirectory
0010e07c 000000d0 T FSUSER_CreateFile
0010e14c 000000c0 T FSUSER_CreateDirectory
0010e20c 000000f4 T FSUSER_RenameDirectory
0010e300 000000b4 T FSUSER_OpenDirectory
0010e3b4 00000090 T FSUSER_OpenArchive
0010e444 0000008c T FSUSER_CloseArchive
0010e4d0 00000074 T FSUSER_GetSdmcArchiveResource
0010e544 00000064 T FSUSER_IsSdmcWritable
0010e5a8 00000064 T FSFILE_Read
0010e60c 0000006c T FSFILE_Write
0010e678 00000044 T FSFILE_GetSize
0010e6bc 00000028 T FSFILE_SetSize
0010e6e4 0000003c T FSFILE_Close
0010e720 00000024 T FSFILE_Flush
0010e744 00000060 T FSDIR_Read
0010e7a4 0000003c T FSDIR_Close
0010e7e0 00000c70 t gspHardwareInit
0010f450 00000280 T gspInit
0010f6d0 00000110 T gspExit
0010f7e0 00000010 T gspHasGpuRight
0010f7f0 000000a4 T gspPresentBuffer
0010f894 00000030 T gspSetEventCallback
0010f8c4 00000050 T gspWaitForEvent
0010f914 0000004c T gspWaitForAnyEvent
0010f960 00000154 t gspEventThreadMain
0010fab4 0000012c T gspSubmitGxCommand
0010fbe0 00000050 T GSPGPU_FlushDataCache
0010fc30 00000034 T GSPGPU_SetLcdForceBlack
0010fc64 00000080 T GSPGPU_AcquireRight
0010fce4 0000005c T GSPGPU_ReleaseRight
0010fd40 0000007c T GSPGPU_ImportDisplayCaptureInfo
0010fdbc 0000002c T GSPGPU_SaveVramSysArea
0010fde8 0000002c T GSPGPU_RestoreVramSysArea
0010fe14 00000024 W hidShouldUseIrrst
0010fe38 000001cc T hidInit
00110004 000000e8 T hidExit
001100ec 000002a0 T hidScanInput
0011038c 00000010 T hidKeysHeld
0011039c 00000010 T hidKeysDown
001103ac 00000010 T hidKeysUp
001103bc 000001a4 T irrstInit
00110560 000000dc T irrstExit
0011063c 000000b4 T irrstScanInput
001106f0 00000024 T irrstKeysHeld
00110714 00000078 T ptmSysmInit
0011078c 0000003c T ptmSysmExit
001107c8 00000034 T PTMSYSM_ConfigureNew3DSCPU
001107fc 000000e0 t buffer_read
001108dc 000000cc t iov_read
001109a8 00000164 t iov_memmove
00110b0c 000001e0 t decompress_rle
00110cec 00000264 t decompress_lzss
00110f50 00000418 t decompress_lz11
00111368 0000031c t decompress_huff.isra.0
00111684 00000010 T decompressCallback_Stdio
00111694 000000e4 T decompressHeader
00111778 0000021c T decompressV
00111994 00000074 T rbtree_find
00111a08 00000010 T rbtree_init
00111a18 00000198 t do_insert
00111bb0 00000008 T rbtree_insert
00111bb8 00000310 T rbtree_remove
00111ec8 00000090 T rbtree_rotate
00111f58 000000e8 T utf16_to_utf8
00112040 000000c0 T utf8_to_utf16
00112100 000001e8 W __system_allocateHeaps
001122e8 00000038 W __libctru_init
00112320 0000016c W __system_initArgv
0011248c 00000030 T __syscall_getreent
001124bc 00000064 T __syscall_gettod_r
00112520 00000004 T __syscall_lock_acquire
00112524 00000004 T __syscall_lock_release
00112528 00000004 T __syscall_lock_acquire_recursive
0011252c 00000004 T __syscall_lock_release_recursive
00112530 00000004 T __syscall_exit
00112534 00000054 T initThreadVars
00112588 00000080 T __system_initSyscalls
00112608 T svcControlMemory
00112628 T svcQueryMemory
00112658 T svcExitProcess
00112660 T svcCreateThread
00112680 T svcExitThread
00112688 T svcSleepThread
00112690 T svcReleaseMutex
00112698 T svcCreateEvent
001126ac T svcSignalEvent
001126b4 T svcClearEvent
001126bc T svcMapMemoryBlock
001126c4 T svcUnmapMemoryBlock
001126cc T svcCreateAddressArbiter
001126e0 T svcArbitrateAddressNoTimeout
001126e8 T svcCloseHandle
001126f0 T svcWaitSynchronization
001126f8 T svcWaitSynchronizationN
00112720 T svcDuplicateHandle
00112734 T svcGetSystemTick
0011273c T svcConnectToPort
00112750 T svcSendSyncRequest
00112758 T svcGetResourceLimit
0011276c T svcGetResourceLimitLimitValues
00112774 T svcGetResourceLimitCurrentValues
0011277c T svcBreak
00112784 T __aeabi_read_tp
00112790 W initSystem
001127e0 W __ctru_exit
001127f4 0000008c W envGetHandle
00112880 00000050 W envDestroyHandles
001128d0 00000164 T srvInit
00112a34 00000064 T srvExit
00112a98 00000060 T srvEnableNotification
00112af8 000000a0 T srvGetServiceHandleDirect
00112b98 00000048 T srvGetServiceHandle
00112be0 00000034 T srvSubscribe
00112c14 00000060 T srvReceiveNotification
00112c74 00000038 T srvPublishToSubscriber
00112cac 0000000c T __sync_init
00112cb8 00000018 T __sync_fini
00112cd0 00000028 T syncArbitrateAddress
00112cf8 000000ac T LightLock_Lock
00112da4 00000040 T LightLock_Unlock
00112de4 00000054 T RecursiveLock_Lock
00112e38 00000054 T RecursiveLock_Unlock
00112e8c 00000044 T LightEvent_Init
00112ed0 000000b8 T LightEvent_Clear
00112f88 000000dc T LightEvent_Signal
00113064 00000050 T LightEvent_TryWait
001130b4 000000ac T LightEvent_Wait
00113160 000001fc T threadCreate
0011335c 00000038 T threadFree
00113394 00000024 T threadJoin
001133b8 00000030 T threadGetCurrent
001133e8 00000040 T threadExit
00113428 00000020 t _thread_begin
00113448 00000090 t mappableFindAddressWithin
001134d8 00000028 T mappableInit
00113500 0000007c T mappableAlloc
0011357c 00000004 T mappableFree
00113580 0000000c T srvPmGetSessionHandle
0011358c 00000060 T rbtree_node_next
001135ec 00000054 T decode_utf16
00113640 00000140 T decode_utf8
00113780 00000054 T encode_utf16
001137d4 000000e0 T encode_utf8
001138b4 00000030 W __appExit
001138e4 00000030 W __appInit
00113914 00000090 W __libctru_exit
001139a4 00000014 t archive_link
001139b8 00000014 t archive_dirreset
001139cc 00000014 t archive_chmod
001139e0 00000024 t error_cmp
00113a04 00000050 t archive_translate_error
00113a54 000000c0 t archive_seek
00113b14 00000078 t _archiveInit.part.0
00113b8c 000000d4 t archiveFindDevice.part.0
00113c60 00000298 t archive_utf16path
00113ef8 00000098 t _archiveUnmountDeviceStruct.part.0
00113f90 00000014 t archive_statvfs
00113fa4 00000014 t archive_fchmod
00113fb8 00000178 t _archiveMountDevice
00114130 000000f8 t archive_diropen
00114228 000000ac t archive_fstat
001142d4 00000074 t archive_fsync
00114348 00000074 t archive_close
001143bc 00000078 t archive_dirclose
00114434 000000ec t sdmc_statvfs
00114520 000000f8 t archive_chdir
00114618 0000008c t archive_ftruncate
001146a4 000000bc t archive_read
00114760 000000a8 t archive_unlink
00114808 000000c0 t archive_rmdir
001148c8 000000d8 t archive_mkdir
001149a0 000001a0 t archive_stat
00114b40 00000164 t archive_dirnext
00114ca4 0000013c t archive_write
00114de0 00000254 t archive_open
00115034 00000270 t archive_rename
001152a4 000001c8 T archiveMountSdmc
0011546c 00000054 T archiveUnmountAll
001154c0 00000264 T sinf
00115724 00000024 t with_errnof
00115748 0000001c T __math_invalidf
00115768 0000025c T cosf
001159c4 0000002c T __aeabi_d2lz
001159c4 0000002c T __fixdfdi
001159f0 00000040 T __aeabi_d2ulz
001159f0 00000040 T __fixunsdfdi
00115a30 00000130 T __udivmoddi4
00115b60 000000d8 T strncmp
00115c38 00000140 T strchr
00115d78 00000144 T _fclose_r
00115ebc 00000020 T fclose
00115edc 00000060 t sulp
00115f40 00001428 T _strtod_l
00117368 00000048 T strtod
001173b0 0000008c T strlen
0011743c 000000f4 t rshift
00117530 000008b4 T __gethex
00117de4 000000d8 T memcmp
00117ebc 0000001c t stdio_exit_handler
00117ed8 0000005c t cleanup_stdio
00117f34 00000154 t global_stdio_init.part.0
00118088 00000138 T __sfp
001181c0 0000005c T __sinit
0011821c 0000000c T __sfp_lock_acquire
00118228 0000000c T __sfp_lock_release
00118234 000001ec t _strtoul_l.isra.0
00118420 0000003c T strtoul
0011845c 00000084 T __libc_init_array
001184e0 0000009c T strncat
0011857c 00000070 T _fwalk_sglue
001185ec 00000078 T bsearch
00118664 0000000c T __errno
00118670 00000028 T calloc
00118698 000000e0 T _puts_r
00118778 00000020 T puts
00118798 000000d8 T _calloc_r
00118870 00000028 T realloc
00118898 00000020 T strdup
001188b8 0000001c T _fseek_r
001188d4 00000034 T fseek
00118908 00000028 T memalign
00118930 0000082c T _malloc_r
0011915c 00000114 T _malloc_trim_r
00119270 00000314 T _free_r
00119584 00000034 T printf
001195b8 0000003c T strnlen
001195f4 00000040 T malloc
00119634 00000020 T free
00119654 0000022c T __sflush_r
00119880 000000c4 T _fflush_r
00119944 00000048 T time
0011998c 000000e4 T memset
00119a70 000004f0 T _realloc_r
00119f60 00000054 T _strdup_r
00119fb4 00000334 T _fread_r
0011a2e8 00000038 T fread
0011a320 0000000c T __malloc_lock
0011a32c 0000000c T __malloc_unlock
0011a338 00000004 W __call_exitprocs
0011a33c 00000030 T exit
0011a36c 00000294 T setvbuf
0011a600 00000134 T _fopen_r
0011a734 00000028 T fopen
0011a75c 000000d4 T strncpy
0011a830 00000034 T ftell
0011a864 0000012c T memcpy
0011a990 00000028 T _wcsrtombs_r
0011a9b8 00000070 T __match
0011aa28 000002a8 T __hexnan
0011acd0 00000010 T nan
0011ace0 00000088 T frexp
0011ad68 000004a4 T __sfvwrite_r
0011b20c 00000044 T __sread
0011b250 00000068 T __swrite
0011b2b8 00000040 T __sseek
0011b2f8 00000008 T __sclose
0011b300 0000016c T memmove
0011b46c 0000005c T __assert_func
0011b4c8 00000088 T _Balloc
0011b550 0000001c T _Bfree
0011b56c 000000f4 T __multadd
0011b660 0000010c T __s2b
0011b76c 00000080 T __hi0bits
0011b7ec 000000f0 T __lo0bits
0011b8dc 000000a4 T __i2b
0011b980 00000230 T __multiply
0011bbb0 00000130 T __pow5mult
0011bce0 00000138 T __lshift
0011be18 00000058 T __mcmp
0011be70 00000218 T __mdiff
0011c088 00000068 T __ulp
0011c0f0 000000d4 T __b2d
0011c1c4 00000120 T __d2b
0011c2e4 00000078 T __ratio
0011c35c 0000008c T __copybits
0011c3e8 0000005c T __any_on
0011c444 00000024 T __locale_mb_cur_max
0011c468 0000003c T fiprintf
0011c4a4 0000016c T _memalign_r
0011c610 0000015c T _wcsnrtombs_l
0011c76c 00000064 T _wcsnrtombs_r
0011c7d0 00000340 T __utf8_mbtowc
0011cb10 00000588 T _fseeko_r
0011d098 00000014 T abort
0011d0ac 00000024 T _localeconv_r
0011d0d0 000005e0 t get_arg
0011d6b0 00003554 T _vfprintf_r
00120c04 000000b4 t __sbprintf
00120cb8 000000e8 T memchr
00120da0 000001c0 t quorem
00120f60 00001420 T _dtoa_r
00122380 000000a0 T _wcrtomb_r
00122420 000000b8 T __sflags
001224d8 0000003c T __libc_fini_array
00122514 00000038 t lflush
0012254c 000001a8 T __srefill_r
001226f4 00000164 T __smakebuf_r
00122858 00000090 T __swhatbuf_r
001228e8 000001c4 T _ftello_r
00122aac 000000f8 T __utf8_wctomb
00122ba4 00000140 T __swsetup_r
00122ce4 0000009c T _raise_r
00122d80 00000020 T raise
00122da0 000005e0 t get_arg
00123380 000022f8 T _vfiprintf_r
00125678 000000b4 t __sbprintf
0012572c 00000030 T __sprint_r
0012575c 00000020 T _exit
0012577c 00000140 T chdir
001258bc 000001c8 T _concatenate_path
00125a84 0000009c T _fstat_r
00125b20 00000014 T _getpid_r
00125b34 0000002c T __getreent
00125b60 00000030 T _gettimeofday_r
00125b90 000000a0 T __release_handle
00125c30 000000b0 T __alloc_handle
00125ce0 00000058 T __get_handle
00125d38 00000110 T _close_r
00125e48 00000008 t null_write
00125e50 00000018 T setDefaultDevice
00125e68 000000c4 T FindDevice
00125f2c 00000028 T RemoveDevice
00125f54 00000098 T AddDevice
00125fec 00000020 T GetDeviceOpTab
0012600c 00000008 T _isatty_r
00126014 00000014 T _kill_r
00126028 00000094 T _lseek_r
001260bc 000000c0 T _open_r
0012617c 00000094 T _read_r
00126210 00000078 W _sbrk_r
00126288 0000001c T __libc_lock_acquire
001262a4 0000001c T __libc_lock_release
001262c0 0000001c T __libc_lock_acquire_recursive
001262dc 0000001c T __libc_lock_release_recursive
001262f8 00000094 T _write_r
0012638c 00000048 T strrchr
001263d4 T _fini
00127520 r .LC2
00127598 00000008 r s_defaultTint.0
001275a0 R render2d_shbin
0012772c R render2d_shbin_end
0012772c R render2d_shbin_size
00127730 00000004 r depthFmtSizes
00127734 00000005 r colorFmtSizes
0012773c 00000010 r CSWTCH.11
0012774c 00000038 r CSWTCH.19
001278f0 00000080 r dotab_stdout
00127970 00000018 r grayScale
00127988 00000006 r colorCube
00127990 00000030 r colorTable
001279c0 00000080 r romFS_devoptab
00127a68 00000008 r morton_y.2
00127a70 00000008 r morton_x.3
00127a78 00000008 r s_sleepWakeEvents.4
00127a80 0000000c r serviceNameTable.5
00127ab0 R default_font_bin
001282b0 R default_font_bin_end
001282b0 00000030 r error_table
001282e0 00000080 r archive_devoptab
00128360 00000060 R __inv_pio4
001283c0 000000e0 R __sincosf_table
00128504 00000014 r fpinan.0
00128518 00000014 r fpi.1
00128530 00000028 r tinytens
00128558 00000100 R __hexdig
00128658 00000101 R _ctype_
0012875c 0000006c R __action_table
001287c8 0000006c R __state_table
00128834 00000100 R __chclass
00128934 0000000c r p05.0
00128940 00000028 R __mprec_bigtens
00128968 000000c8 R __mprec_tens
00128b58 00000010 r zeroes.0
00128b68 00000010 r blanks.1
00128c6c 00000010 r zeroes.0
00128c7c 00000010 r blanks.1
00128c8c 00000080 R dotab_stdnull
00128d0c R __tdata_align
00128d10 r __EH_FRAME_BEGIN__
00128d10 R __exidx_end
00128d10 R __exidx_start
00129000 0000000c d global_hooks
0012900c 00000004 D CurrentRoom
00129010 00000004 D cam_w
00129014 00000004 D cam_h
00129018 00000008 d framerateCounter
00129020 00000004 d framerate
00129024 00000001 d firstConsoleInit.0
00129028 00000004 D currentConsole
0012902c 00000048 D defaultConsole
00129074 00000004 d queueLock
00129078 00000004 d aptChainloadDeliverArgSize
0012907c 00000004 d kCount
00129080 00000004 d kInterval
00129084 00000004 d kDelay
00129088 W __stacksize__
0012908c 0000000c D __sglue
00129098 00000004 D __malloc_sbrk_base
0012909c 00000004 D __malloc_trim_threshold
001290a0 00000408 D __malloc_av_
001294a8 00000004 D _impure_ptr
001294b0 00000140 D _impure_data
001295f0 0000016c D __global_locale
0012975c 00000400 d _current_working_directory
00129b60 00001000 d handles
0012ab60 0000000c d __stderr_handle
0012ab6c 0000000c d __stdout_handle
0012ab78 0000000c d __stdin_handle
0012ab84 0000008c D devoptab_list
0012ac10 00000004 d defaultDevice
0012ac1c d _GLOBAL_OFFSET_TABLE_
0012ac28 d __frame_dummy_init_array_entry
0012ac28 D __init_array_start
0012ac28 B __preinit_array_end
0012ac28 B __preinit_array_start
0012ac28 D __tdata_lma
0012ac28 D __tdata_lma_end
0012ac2c d __do_global_dtors_aux_fini_array_entry
0012ac2c D __fini_array_start
0012ac2c D __init_array_end
0012ac30 D __bss_start__
0012ac30 D __fini_array_end
0012ac30 00000008 b global_error
0012ac38 0000000f b version.0
0012ac48 00000004 b g_root
0012ac4c 00000004 b create_cursor.2
0012ac50 000003e8 b did_create.1
0012b038 00000004 b step_cursor.0
0012b03c 00000004 B SpriteCount
0012b040 000003e8 b sprite_is_object
0012b428 00000004 B spriteSheet
0012b42c 00000fa0 B sprite_object_id
0012c3cc 00000004 B g_keysDown
0012c3d0 00000004 B g_keysHeld
0012c3d4 00000004 B g_keysUp
0012c3d8 00000004 B cam_y
0012c3dc 00000004 B cam_x
0012c3e0 00009c40 B sprites
00136020 b completed.1
00136024 b object.0
00136040 000005a8 B __C2Di_Context
001365e8 00000040 b s_projBot
00136628 00000040 b s_projTop
00136668 00000004 b uLoc_mdlvMtx
0013666c 00000004 b uLoc_projMtx
00136670 0000000c b hookCookie
00136680 000002d0 B __C3D_Context
00136950 00000004 b frameEndCbData
00136954 00000004 b frameEndCb
00136958 00000008 b frameCounter
00136960 00000001 b isTopStereo
00136961 00000001 b needSwapBot
00136962 00000001 b needSwapTop
00136963 00000001 b measureGpuTime
00136964 00000001 b inSafeTransfer
00136965 00000001 b inFrame
00136968 00000010 b cpuTime
00136978 00000010 b gpuTime
00136988 0000000c b linkedTarget
00136994 00000004 b lastTarget
00136998 00000004 b firstTarget
0013699c 00000008 b C3Di_IVUnifEverDirty
001369a4 000000c0 b C3Di_FVUnifEverDirty
00136a64 00000018 b C3Di_ShaderFVecData
00136a7c 00000002 B C3D_BoolUnifsDirty
00136a80 00000008 B C3D_IVUnifDirty
00136a88 000000c0 B C3D_FVUnifDirty
00136b48 00000004 B C3D_BoolUnifs
00136b4c 00000020 B C3D_IVUnif
00136b6c 00000c00 B C3D_FVUnif
00137770 00000008 b sLinearPool
00137778 0000000c b sAddrMap
00137788 00000008 b sVramPoolB
00137790 00000008 b sVramPoolA
00137798 0000000c b sAddrMap
001377a4 00000064 b escapeSeq
00137808 00000048 B currentCopy
00137850 00000004 b screenAlloc
00137854 00000004 b screenFree
00137858 00000002 b gfxIsDoubleBuf
0013785c 00000002 b gfxCurBuf
0013785e 00000001 b gfxIsVram
0013785f 00000001 b gfxTopMode
00137860 00000002 b gfxFramebufferFormats
00137864 00000004 b gfxBottomFramebufferMaxSize
00137868 00000004 b gfxTopFramebufferMaxSize
00137870 00000008 b gfxBottomFramebuffers
00137878 00000008 b gfxTopFramebuffers
00137880 00000001 V __ctru_speedup
00137884 00000004 b romfs_mount_list
00137888 00000004 V __romfs_path
0013788c 00000004 B gpuCmdBufOffset
00137890 00000004 B gpuCmdBufSize
00137894 00000004 B gpuCmdBuf
00137898 00000004 b boundQueue
0013789c 00000001 b shouldStop
0013789d 00000001 b isRunning
0013789e 00000001 b isActive
001378a0 00000004 b curQueue
001378a4 00000001 b flagValue.0
001378a5 00000001 b flagInit.1
001378a8 00000004 b serviceName.6
001378ac 00000001 b aptChainloadFlags
001378ad 00000001 b aptChainloadMediatype
001378b0 00000020 b aptChainloadHmac
001378d0 00000300 b aptChainloadDeliverArg
00137bd0 00000008 b aptChainloadTid
00137bd8 00001000 b aptParameters
00138bd8 00000004 b aptFlags
00138bdc 00000001 b aptHomeButtonState
00138be0 00000004 b aptMessageFuncData
00138be4 00000004 b aptMessageFunc
00138be8 0000000c b aptFirstHook
00138bf4 00000001 b aptEventHandlerThreadQuit
00138bf8 00000004 b aptEventHandlerThread
00138bfc 00000008 b aptSleepEvent
00138c04 00000008 b aptReceiveEvent
00138c0c 00000008 b aptEvents
00138c14 00000004 b aptLockHandle
00138c18 00000004 b aptRefCount
00138c20 00000080 b fsExemptArchives
00138ca0 00000004 b fsuRefCount
00138ca4 00000004 b fsuHandle
00138ca8 00000007 b gspEventCbOneShot
00138cb0 0000001c b gspEventCbData
00138ccc 0000001c b gspEventCb
00138ce8 00000038 b gspEvents
00138d20 00000004 b gspLastEvent
00138d24 00000001 b gspRunEvents
00138d28 00000004 b gspEventThread
00138d2c 00000004 b gspEvent
00138d30 00000001 b gspGpuRight
00138d31 00000001 b gspThreadId
00138d34 00000004 b gspSharedMem
00138d38 00000004 b gspSharedMemHandle
00138d3c 00000004 b gspRefCount
00138d40 00000004 b gspGpuHandle
00138d44 00000001 b usingIrrst
00138d48 00000004 b hidRefCount
00138d4c 00000006 b gRate
00138d54 00000006 b aVec
00138d5c 00000004 b cPos
00138d60 00000004 b tPos
00138d64 00000004 b kRepeat
00138d68 00000004 b kUp
00138d6c 00000004 b kDown
00138d70 00000004 b kHeld
00138d74 00000004 b kOld
00138d78 00000004 B hidSharedMem
00138d7c 00000014 B hidEvents
00138d90 00000004 B hidMemHandle
00138d94 00000004 B hidHandle
00138d98 00000004 b irrstRefCount
00138d9c 00000004 b csPos
00138da0 00000004 b kHeld
00138da4 00000004 B irrstSharedMem
00138da8 00000004 B irrstEvent
00138dac 00000004 B irrstMemHandle
00138db0 00000004 B irrstHandle
00138db4 00000004 b ptmSysmRefCount
00138db8 00000004 b ptmSysmHandle
00138dbc 00000004 V __ctru_linear_heap_size
00138dc0 00000004 V __ctru_heap_size
00138dc4 00000004 B __ctru_linear_heap
00138dc8 00000004 B __ctru_heap
00138dcc 00000004 B __system_retAddr
00138dd0 00000004 B __system_argv
00138dd4 00000004 B __system_argc
00138dd8 b saved_stack
00138de0 00000004 B __3dslink_host
00138de4 00000004 b srvRefCount
00138de8 00000004 b srvHandle
00138dec 00000004 b arbiter
00138df0 00000004 b currentAddr
00138df4 00000004 b maxAddr
00138df8 00000004 b minAddr
00138dfc 00000004 b srvPmHandle
00138e00 000005c0 b archive_devices
001393c0 00000004 b archive_device_cwd
001393c4 00000001 b archive_initialized
001393c8 0000000c b __sfp_recursive_mutex
001393d8 00000168 B __sf
00139540 00000004 B __stdio_exit_handler
00139544 00000028 B __malloc_current_mallinfo
0013956c 00000004 B __malloc_max_total_mem
00139570 00000004 B __malloc_max_sbrked_mem
00139574 00000004 B __malloc_top_pad
00139578 0000000c b __malloc_recursive_mutex
00139584 00000400 b temp_cwd
00139984 00000004 b __hndl_lock
00139988 00000004 B fake_heap_start
0013998c 00000004 B fake_heap_end
00139990 00000004 b heap_start.0
00139994 B __tls_start
0013a59c B __bss_end__
0013a59c A __end__
0013a59c B __tls_end
